<?xml version="1.0" encoding="UTF-8"?>
<testsuite xmlns:xsi="http://www.w3.org/2001/XMLSchema-instance" xsi:noNamespaceSchemaLocation="https://maven.apache.org/surefire/maven-surefire-plugin/xsd/surefire-test-report-3.0.xsd" version="3.0" name="com.example.word2pdfpng.WordToPdfPngConverterApplicationTests" time="4.526" tests="1" errors="0" skipped="0" failures="0">
  <properties>
[...]
</properties>
  <testcase name="contextLoads" classname="com.example.word2pdfpng.WordToPdfPngConverterApplicationTests" time="1.935">
    <system-out><![CDATA[00:29:43.498 [main] INFO org.springframework.test.context.support.AnnotationConfigContextLoaderUtils -- Could not detect default configuration classes for test class [com.example.word2pdfpng.WordToPdfPngConverterApplicationTests]: WordToPdfPngConverterApplicationTests does not declare any static, non-private, non-final, nested classes annotated with @Configuration.
00:29:43.700 [main] INFO org.springframework.boot.test.context.SpringBootTestContextBootstrapper -- Found @SpringBootConfiguration com.example.word2pdfpng.WordToPdfPngConverterApplication for test class com.example.word2pdfpng.WordToPdfPngConverterApplicationTests

  .   ____          _            __ _ _
 /\\ / ___'_ __ _ _(_)_ __  __ _ \ \ \ \
( ( )\___ | '_ | '_| | '_ \/ _` | \ \ \ \
 \\/  ___)| |_)| | | | | || (_| |  ) ) ) )
  '  |____| .__|_| |_|_| |_\__, | / / / /
 =========|_|==============|___/=/_/_/_/
 :: Spring Boot ::                (v3.2.5)

2024-05-20T00:29:44.556+05:30  INFO 2540 --- [WordToPdfPngConverter] [           main] .w.WordToPdfPngConverterApplicationTests : Starting WordToPdfPngConverterApplicationTests using Java 17.0.4.1 with PID 2540 (started by USER in F:\WordToPdfPngConverter)
2024-05-20T00:29:44.559+05:30  INFO 2540 --- [WordToPdfPngConverter] [           main] .w.WordToPdfPngConverterApplicationTests : No active profile set, falling back to 1 default profile: "default"
2024-05-20T00:29:45.721+05:30  INFO 2540 --- [WordToPdfPngConverter] [           main] .w.WordToPdfPngConverterApplicationTests : Started WordToPdfPngConverterApplicationTests in 1.695 seconds (process running for 3.638)
]]></system-out>
  </testcase>
</testsuite>